0 info it worked if it ends with ok
1 verbose cli [ '/usr/local/bin/node',
1 verbose cli   '/usr/local/bin/npm',
1 verbose cli   'update',
1 verbose cli   '-g',
1 verbose cli   'bower' ]
2 info using npm@1.4.14
3 info using node@v0.10.29
4 verbose url raw bower
5 verbose url resolving [ 'https://registry.npmjs.org/', './bower' ]
6 verbose url resolved https://registry.npmjs.org/bower
7 info trying registry request attempt 1 at 15:42:20
8 verbose etag "2Q3IOZZ7POKFTHY5JNTNNNILZ"
9 http GET https://registry.npmjs.org/bower
10 http 200 https://registry.npmjs.org/bower
11 silly registry.get cb [ 200,
11 silly registry.get   { date: 'Tue, 07 Oct 2014 08:40:18 GMT',
11 silly registry.get     server: 'CouchDB/1.5.0 (Erlang OTP/R16B03)',
11 silly registry.get     etag: '"BNEPXH85JRVX0PTJ3Z7BEQ39Y"',
11 silly registry.get     'content-type': 'application/json',
11 silly registry.get     'cache-control': 'max-age=60',
11 silly registry.get     'content-length': '105292',
11 silly registry.get     'accept-ranges': 'bytes',
11 silly registry.get     via: '1.1 varnish',
11 silly registry.get     age: '380',
11 silly registry.get     'x-served-by': 'cache-hk92-HKG',
11 silly registry.get     'x-cache': 'HIT',
11 silly registry.get     'x-cache-hits': '1',
11 silly registry.get     'x-timer': 'S1412671217.861871,VS0,VE920',
11 silly registry.get     vary: 'Accept',
11 silly registry.get     'keep-alive': 'timeout=10, max=50',
11 silly registry.get     connection: 'Keep-Alive' } ]
12 info outdated updating [ [ '/usr/local/lib', 'bower', '1.3.11', '1.3.12', '1.3.12', '*' ] ]
13 verbose install where,what [ '/usr/local/lib', [ 'bower@1.3.12' ] ]
14 verbose cache add [ 'bower@1.3.12', null ]
15 verbose cache add name=undefined spec="bower@1.3.12" args=["bower@1.3.12",null]
16 verbose parsed url { protocol: null,
16 verbose parsed url   slashes: null,
16 verbose parsed url   auth: null,
16 verbose parsed url   host: null,
16 verbose parsed url   port: null,
16 verbose parsed url   hostname: null,
16 verbose parsed url   hash: null,
16 verbose parsed url   search: null,
16 verbose parsed url   query: null,
16 verbose parsed url   pathname: 'bower@1.3.12',
16 verbose parsed url   path: 'bower@1.3.12',
16 verbose parsed url   href: 'bower@1.3.12' }
17 verbose cache add name="bower" spec="1.3.12" args=["bower","1.3.12"]
18 verbose parsed url { protocol: null,
18 verbose parsed url   slashes: null,
18 verbose parsed url   auth: null,
18 verbose parsed url   host: null,
18 verbose parsed url   port: null,
18 verbose parsed url   hostname: null,
18 verbose parsed url   hash: null,
18 verbose parsed url   search: null,
18 verbose parsed url   query: null,
18 verbose parsed url   pathname: '1.3.12',
18 verbose parsed url   path: '1.3.12',
18 verbose parsed url   href: '1.3.12' }
19 verbose addNamed [ 'bower', '1.3.12' ]
20 verbose addNamed [ '1.3.12', '1.3.12' ]
21 silly lockFile 9819431c-bower-1-3-12 bower@1.3.12
22 verbose lock bower@1.3.12 /home/likewise-open/SUTRIXMEDIA1/vu.cap/.npm/9819431c-bower-1-3-12.lock
23 verbose registry.get bower not expired, no request
24 silly lockFile b05fd70b-npmjs-org-bower-bower-1-3-12-tgz https://registry.npmjs.org/bower/-/bower-1.3.12.tgz
25 verbose lock https://registry.npmjs.org/bower/-/bower-1.3.12.tgz /home/likewise-open/SUTRIXMEDIA1/vu.cap/.npm/b05fd70b-npmjs-org-bower-bower-1-3-12-tgz.lock
26 verbose addRemoteTarball [ 'https://registry.npmjs.org/bower/-/bower-1.3.12.tgz',
26 verbose addRemoteTarball   '37de0edb3904baf90aee13384a1a379a05ee214c' ]
27 info retry fetch attempt 1 at 15:42:28
28 verbose fetch to= /home/likewise-open/SUTRIXMEDIA1/vu.cap/tmp/npm-457-RbFQM_N8/registry.npmjs.org/bower/-/bower-1.3.12.tgz
29 http GET https://registry.npmjs.org/bower/-/bower-1.3.12.tgz
30 http 200 https://registry.npmjs.org/bower/-/bower-1.3.12.tgz
31 silly lockFile b05fd70b-npmjs-org-bower-bower-1-3-12-tgz https://registry.npmjs.org/bower/-/bower-1.3.12.tgz
32 silly lockFile b05fd70b-npmjs-org-bower-bower-1-3-12-tgz https://registry.npmjs.org/bower/-/bower-1.3.12.tgz
33 silly lockFile 9819431c-bower-1-3-12 bower@1.3.12
34 silly lockFile 9819431c-bower-1-3-12 bower@1.3.12
35 error Error: EACCES, mkdir '/home/likewise-open/SUTRIXMEDIA1/vu.cap/.npm/bower/1.3.12'
35 error  { [Error: EACCES, mkdir '/home/likewise-open/SUTRIXMEDIA1/vu.cap/.npm/bower/1.3.12']
35 error   errno: 3,
35 error   code: 'EACCES',
35 error   path: '/home/likewise-open/SUTRIXMEDIA1/vu.cap/.npm/bower/1.3.12' }
36 error Please try running this command again as root/Administrator.
37 error System Linux 3.13.0-36-generic
38 error command "/usr/local/bin/node" "/usr/local/bin/npm" "update" "-g" "bower"
39 error cwd /media/DATA/_WORKING/tranning/app/angular-seed-master
40 error node -v v0.10.29
41 error npm -v 1.4.14
42 error path /home/likewise-open/SUTRIXMEDIA1/vu.cap/.npm/bower/1.3.12
43 error code EACCES
44 error errno 3
45 error stack Error: EACCES, mkdir '/home/likewise-open/SUTRIXMEDIA1/vu.cap/.npm/bower/1.3.12'
46 verbose exit [ 3, true ]
